<?xml version="1.0" encoding="UTF-8"?>
<!-- Generated by org.testng.reporters.JUnitReportReporter -->
<testsuite hostname="Aevi" failures="0" tests="5" name="testCase.TC_003_LoginDDT" time="41.502" errors="0" timestamp="2025-02-18T17:02:08 IST" skipped="0">
  <testcase classname="testCase.TC_003_LoginDDT" name="verifyLoginDDT" time="3.555"/>
  <system-out/>
  <testcase classname="testCase.TC_003_LoginDDT" name="verifyLoginDDT" time="2.664"/>
  <system-out/>
  <testcase classname="testCase.TC_003_LoginDDT" name="verifyLoginDDT" time="11.750"/>
  <system-out/>
  <testcase classname="testCase.TC_003_LoginDDT" name="verifyLoginDDT" time="11.567"/>
  <system-out/>
  <testcase classname="testCase.TC_003_LoginDDT" name="verifyLoginDDT" time="11.966"/>
  <system-out/>
</testsuite> <!-- testCase.TC_003_LoginDDT -->
