<?xml version="1.0" encoding="UTF-8"?>
<!-- Generated by org.testng.reporters.JUnitReportReporter -->
<testsuite hostname="Aevi" failures="0" tests="1" name="testCase.Testt" time="0.004" errors="0" timestamp="2025-02-25T13:40:16 IST" skipped="0">
  <testcase classname="testCase.Testt" name="testttt" time="0.004"/>
  <system-out/>
</testsuite> <!-- testCase.Testt -->
