<?xml version="1.0" encoding="UTF-8"?>
<!-- Generated by org.testng.reporters.JUnitReportReporter -->
<testsuite hostname="Aevi" failures="0" tests="1" name="testCase.TC_001_AccountRegistrationTest" time="3.450" errors="0" timestamp="2025-02-25T14:13:54 IST" skipped="0">
  <testcase classname="testCase.TC_001_AccountRegistrationTest" name="Verify_account_registration" time="3.450"/>
</testsuite> <!-- testCase.TC_001_AccountRegistrationTest -->
