<?xml version="1.0" encoding="UTF-8"?>
<!-- Generated by org.testng.reporters.JUnitReportReporter -->
<testsuite hostname="Aevi" failures="0" tests="2" name="testCase.TC_002_LoginTest" time="5.601" errors="0" timestamp="2025-02-25T14:13:54 IST" skipped="0">
  <testcase classname="testCase.TC_002_LoginTest" name="verifyLogin" time="2.596"/>
  <testcase classname="testCase.TC_002_LoginTest" name="verifyLogin" time="3.005"/>
</testsuite> <!-- testCase.TC_002_LoginTest -->
